piacs.o
sendmesg.o
stopthread.o
viextendvstart.o
recvmesg.o
initialize.o
ll.o
exceptasm.o
thread.o
destroythread.o
bzero.o
parameters.o
createthread.o
setsr.o
getsr.o
writebackdcache.o
vigetnextframebuf.o
pimgr.o
devmgr.o
pirawdma.o
virtualtophysical.o
viblack.o
sirawread.o
getthreadid.o
setintmask.o
visetmode.o
probetlb.o
getmemsize.o
seteventmesg.o
unmaptlball.o
epidma.o
invalicache.o
createmesgqueue.o
invaldcache.o
si.o
jammesg.o
setthreadpri.o
getthreadpri.o
epirawread.o
viswapbuf.o
epirawdma.o
bcmp.o
gettime.o
timerintr.o
getcount.o
setglobalintmask.o
setcompare.o
bcopy.o
resetglobalintmask.o
interrupt.o
vi.o
viswapcontext.o
pigetcmdq.o
epiread.o
visetspecial.o
cartrominit.o
setfpccsr.o
getfpccsr.o
maptlbrdb.o
yieldthread.o
getcause.o
epirawwrite.o
sirawwrite.o
vimgr.o
vigetcurrcontext.o
startthread.o
visetyscale.o
visetxscale.o
sethwinterrupt.o
gethwinterrupt.o
setwatchlo.o
exceptasm.o
devmgr.o
setintmask.o
piacs.o
vimodepallan1.o
initialize.o
exceptasm.o
thread.o
pimgr.o
seteventmesg.o
timerintr.o
vimodentsclan1.o
vimodempallan1.o
vi.o
cartrominit.o
vimgr.o
piacs.o
initialize.o
pimgr.o
kdebugserver.o
seteventmesg.o
timerintr.o
cartrominit.o
vimgr.o
piacs.o
sendmesg.o
stopthread.o
viextendvstart.o
recvmesg.o
initialize.o
exceptasm.o
destroythread.o
createthread.o
vigetnextframebuf.o
pimgr.o
devmgr.o
pirawdma.o
virtualtophysical.o
viblack.o
sirawread.o
getthreadid.o
setintmask.o
visetmode.o
seteventmesg.o
epidma.o
createmesgqueue.o
jammesg.o
setthreadpri.o
getthreadpri.o
epirawread.o
viswapbuf.o
epirawdma.o
gettime.o
timerintr.o
setglobalintmask.o
resetglobalintmask.o
interrupt.o
vi.o
viswapcontext.o
pigetcmdq.o
epiread.o
visetspecial.o
cartrominit.o
yieldthread.o
epirawwrite.o
sirawwrite.o
vimgr.o
vigetcurrcontext.o
startthread.o
visetyscale.o
visetxscale.o
sethwinterrupt.o
gethwinterrupt.o
exceptasm.o
devmgr.o
thread.o
pimgr.o
timerintr.o
vi.o
